Build started 05/12/2016 13:53:14.
     1>Project "C:\Users\Tom\Documents\GitHub\Cover-Tree\Cover-Tree.vcxproj" on node 2 (build target(s)).
     1>InitializeBuildStatus:
         Touching "Debug\Cover-Tree.unsuccessfulbuild".
       ClCompile:
         c:\Program Files (x86)\Microsoft Visual Studio 10.0\VC\bin\CL.exe /c /I"C:\Program Files (x86)\Visual Leak Detector\include" /Zi /nologo /W3 /WX- /Od /Oy- /D WIN32 /D _DEBUG /D _CONSOLE /Gm /EHsc /RTC1 /MDd /GS /fp:precise /Zc:wchar_t /Zc:forScope /Fo"Debug\\" /Fd"Debug\vc100.pdb" /Gd /TP /analyze- /errorReport:prompt test.cc
         test.cc
     1>c:\users\tom\documents\github\cover-tree\Cover_Tree.h(184): warning C4244: 'argument' : conversion from 'double' to 'float', possible loss of data
                 c:\users\tom\documents\github\cover-tree\Cover_Tree.h(181) : while compiling class template member function 'CoverTree<Point>::CoverTree(const double &,const std::vector<_Ty> &)'
                 with
                 [
                     Point=CoverTreePoint,
                     _Ty=CoverTreePoint
                 ]
                 test.cc(12) : see reference to class template instantiation 'CoverTree<Point>' being compiled
                 with
                 [
                     Point=CoverTreePoint
                 ]
     1>c:\users\tom\documents\github\cover-tree\Cover_Tree.h(184): warning C4244: '=' : conversion from 'float' to 'int', possible loss of data
       ManifestResourceCompile:
         All outputs are up-to-date.
       Link:
         c:\Program Files (x86)\Microsoft Visual Studio 10.0\VC\bin\link.exe /ERRORREPORT:PROMPT /OUT:"C:\Users\Tom\Documents\GitHub\Cover-Tree\Debug\Cover-Tree.exe" /INCREMENTAL /NOLOGO /LIBPATH:"C:\Program Files (x86)\Visual Leak Detector\lib\Win32" kernel32.lib user32.lib gdi32.lib winspool.lib comdlg32.lib advapi32.lib shell32.lib ole32.lib oleaut32.lib uuid.lib odbc32.lib odbccp32.lib /MANIFEST /ManifestFile:"Debug\Cover-Tree.exe.intermediate.manifest" /MANIFESTUAC:"level='asInvoker' uiAccess='false'" /DEBUG /PDB:"C:\Users\Tom\Documents\GitHub\Cover-Tree\Debug\Cover-Tree.pdb" /SUBSYSTEM:CONSOLE /TLBID:1 /DYNAMICBASE /NXCOMPAT /IMPLIB:"C:\Users\Tom\Documents\GitHub\Cover-Tree\Debug\Cover-Tree.lib" /MACHINE:X86 "Debug\Cover-Tree.exe.embed.manifest.res"
         Debug\Cover_Tree_Point.obj
         Debug\test.obj
       Manifest:
         C:\Program Files (x86)\Microsoft SDKs\Windows\v7.0A\bin\mt.exe /nologo /verbose /out:"Debug\Cover-Tree.exe.embed.manifest" /manifest "Debug\Cover-Tree.exe.intermediate.manifest"
         C:\Program Files (x86)\Microsoft SDKs\Windows\v7.0A\bin\rc.exe /nologo /fo"Debug\Cover-Tree.exe.embed.manifest.res" Debug\Cover-Tree_manifest.rc 
       LinkEmbedManifest:
         c:\Program Files (x86)\Microsoft Visual Studio 10.0\VC\bin\link.exe /ERRORREPORT:PROMPT /OUT:"C:\Users\Tom\Documents\GitHub\Cover-Tree\Debug\Cover-Tree.exe" /INCREMENTAL /NOLOGO /LIBPATH:"C:\Program Files (x86)\Visual Leak Detector\lib\Win32" kernel32.lib user32.lib gdi32.lib winspool.lib comdlg32.lib advapi32.lib shell32.lib ole32.lib oleaut32.lib uuid.lib odbc32.lib odbccp32.lib /MANIFEST /ManifestFile:"Debug\Cover-Tree.exe.intermediate.manifest" /MANIFESTUAC:"level='asInvoker' uiAccess='false'" /DEBUG /PDB:"C:\Users\Tom\Documents\GitHub\Cover-Tree\Debug\Cover-Tree.pdb" /SUBSYSTEM:CONSOLE /TLBID:1 /DYNAMICBASE /NXCOMPAT /IMPLIB:"C:\Users\Tom\Documents\GitHub\Cover-Tree\Debug\Cover-Tree.lib" /MACHINE:X86 "Debug\Cover-Tree.exe.embed.manifest.res"
         Debug\Cover_Tree_Point.obj
         Debug\test.obj
         Cover-Tree.vcxproj -> C:\Users\Tom\Documents\GitHub\Cover-Tree\Debug\Cover-Tree.exe
       FinalizeBuildStatus:
         Deleting file "Debug\Cover-Tree.unsuccessfulbuild".
         Touching "Debug\Cover-Tree.lastbuildstate".
     1>Done Building Project "C:\Users\Tom\Documents\GitHub\Cover-Tree\Cover-Tree.vcxproj" (build target(s)).

Build succeeded.

Time Elapsed 00:00:02.50
